MultiMediaPicker/app/build/outputs/logs/manifest-merger-debug-report.txt
-- Merging decision tree log ---
manifest
ADDED from src\main\AndroidManifest.xml:2:1-21:12
	xmlns:android
		ADDED from src\main\AndroidManifest.xml:2:11-69
	package
		ADDED from src\main\AndroidManifest.xml:3:5-46
		INJECTED from src\main\AndroidManifest.xml
		INJECTED from src\main\AndroidManifest.xml
	android:versionName
		INJECTED from src\main\AndroidManifest.xml
		INJECTED from src\main\AndroidManifest.xml
	android:versionCode
		INJECTED from src\main\AndroidManifest.xml
		INJECTED from src\main\AndroidManifest.xml
application
ADDED from src\main\AndroidManifest.xml:5:5-19:19
MERGED from [com.crop.multiple:multipleImagePickerLib:1.2.5] AndroidManifest.xml:28:5-68:19
MERGED from [com.android.support:appcompat-v7:23.2.1] AndroidManifest.xml:25:5-20
MERGED from [com.android.support:support-v4:23.2.1] AndroidManifest.xml:22:5-20
MERGED from [com.android.support:animated-vector-drawable:23.2.1] AndroidManifest.xml:7:5-20
MERGED from [com.android.support:support-vector-drawable:23.2.1] AndroidManifest.xml:7:5-20
MERGED from [com.android.support:support-v4:23.2.1] AndroidManifest.xml:22:5-20
MERGED from [com.android.support:support-vector-drawable:23.2.1] AndroidManifest.xml:7:5-20
MERGED from [com.android.support:support-v4:23.2.1] AndroidManifest.xml:22:5-20
MERGED from [com.android.support:design:23.2.1] AndroidManifest.xml:22:5-20
MERGED from [com.android.support:support-v4:23.2.1] AndroidManifest.xml:22:5-20
MERGED from [com.android.support:appcompat-v7:23.2.1] AndroidManifest.xml:25:5-20
MERGED from [com.android.support:support-v4:23.2.1] AndroidManifest.xml:22:5-20
MERGED from [com.android.support:animated-vector-drawable:23.2.1] AndroidManifest.xml:7:5-20
MERGED from [com.android.support:support-vector-drawable:23.2.1] AndroidManifest.xml:7:5-20
MERGED from [com.android.support:support-v4:23.2.1] AndroidManifest.xml:22:5-20
MERGED from [com.android.support:support-vector-drawable:23.2.1] AndroidManifest.xml:7:5-20
MERGED from [com.android.support:support-v4:23.2.1] AndroidManifest.xml:22:5-20
MERGED from [com.android.support:support-v4:23.2.1] AndroidManifest.xml:22:5-20
MERGED from [com.android.support:support-v4:23.2.1] AndroidManifest.xml:22:5-20
	android:label
		ADDED from src\main\AndroidManifest.xml:8:9-41
	android:allowBackup
		ADDED from src\main\AndroidManifest.xml:6:9-35
	android:icon
		ADDED from src\main\AndroidManifest.xml:7:9-45
	android:theme
		ADDED from src\main\AndroidManifest.xml:9:9-40
activity#com.app.multiimagepickercropper.MainActivity
ADDED from src\main\AndroidManifest.xml:10:9-18:20
	android:label
		ADDED from src\main\AndroidManifest.xml:12:13-45
	android:name
		ADDED from src\main\AndroidManifest.xml:11:13-41
intent-filter#android.intent.action.MAIN+android.intent.category.LAUNCHER
ADDED from src\main\AndroidManifest.xml:13:13-17:29
action#android.intent.action.MAIN
ADDED from src\main\AndroidManifest.xml:14:17-69
	android:name
		ADDED from src\main\AndroidManifest.xml:14:25-66
category#android.intent.category.LAUNCHER
ADDED from src\main\AndroidManifest.xml:16:17-77
	android:name
		ADDED from src\main\AndroidManifest.xml:16:27-74
uses-sdk
INJECTED from src\main\AndroidManifest.xml reason: use-sdk injection requested
MERGED from [com.crop.multiple:multipleImagePickerLib:1.2.5] AndroidManifest.xml:7:5-9:41
MERGED from [com.android.support:appcompat-v7:23.2.1] AndroidManifest.xml:21:5-23:78
MERGED from [com.android.support:support-v4:23.2.1] AndroidManifest.xml:20:5-43
MERGED from [com.android.support:animated-vector-drawable:23.2.1] AndroidManifest.xml:5:5-44
MERGED from [com.android.support:support-vector-drawable:23.2.1] AndroidManifest.xml:5:5-43
MERGED from [com.android.support:support-v4:23.2.1] AndroidManifest.xml:20:5-43
MERGED from [com.android.support:support-vector-drawable:23.2.1] AndroidManifest.xml:5:5-43
MERGED from [com.android.support:support-v4:23.2.1] AndroidManifest.xml:20:5-43
MERGED from [com.android.support:design:23.2.1] AndroidManifest.xml:20:5-43
MERGED from [com.android.support:support-v4:23.2.1] AndroidManifest.xml:20:5-43
MERGED from [com.android.support:appcompat-v7:23.2.1] AndroidManifest.xml:21:5-23:78
MERGED from [com.android.support:support-v4:23.2.1] AndroidManifest.xml:20:5-43
MERGED from [com.android.support:animated-vector-drawable:23.2.1] AndroidManifest.xml:5:5-44
MERGED from [com.android.support:support-vector-drawable:23.2.1] AndroidManifest.xml:5:5-43
MERGED from [com.android.support:support-v4:23.2.1] AndroidManifest.xml:20:5-43
MERGED from [com.android.support:support-vector-drawable:23.2.1] AndroidManifest.xml:5:5-43
MERGED from [com.android.support:support-v4:23.2.1] AndroidManifest.xml:20:5-43
MERGED from [com.android.support:recyclerview-v7:23.2.1] AndroidManifest.xml:20:5-43
MERGED from [com.android.support:support-v4:23.2.1] AndroidManifest.xml:20:5-43
MERGED from [com.android.support:recyclerview-v7:23.2.1] AndroidManifest.xml:20:5-43
MERGED from [com.android.support:support-v4:23.2.1] AndroidManifest.xml:20:5-43
	android:targetSdkVersion
		INJECTED from src\main\AndroidManifest.xml
		INJECTED from src\main\AndroidManifest.xml
	android:minSdkVersion
		INJECTED from src\main\AndroidManifest.xml
		INJECTED from src\main\AndroidManifest.xml
	tools:overrideLibrary
		ADDED from [com.android.support:appcompat-v7:23.2.1] AndroidManifest.xml:23:9-75
uses-permission#android.permission.RECORD_AUDIO
ADDED from [com.crop.multiple:multipleImagePickerLib:1.2.5] AndroidManifest.xml:12:5-71
	android:name
		ADDED from [com.crop.multiple:multipleImagePickerLib:1.2.5] AndroidManifest.xml:12:22-68
uses-permission#android.permission.CAMERA
ADDED from [com.crop.multiple:multipleImagePickerLib:1.2.5] AndroidManifest.xml:17:5-65
	android:name
		ADDED from [com.crop.multiple:multipleImagePickerLib:1.2.5] AndroidManifest.xml:17:22-62
uses-feature#android.hardware.camera
ADDED from [com.crop.multiple:multipleImagePickerLib:1.2.5] AndroidManifest.xml:19:5-21:36
	android:required
		ADDED from [com.crop.multiple:multipleImagePickerLib:1.2.5] AndroidManifest.xml:21:9-33
	android:name
		ADDED from [com.crop.multiple:multipleImagePickerLib:1.2.5] AndroidManifest.xml:20:9-47
uses-permission#android.permission.READ_EXTERNAL_STORAGE
ADDED from [com.crop.multiple:multipleImagePickerLib:1.2.5] AndroidManifest.xml:23:5-80
	android:name
		ADDED from [com.crop.multiple:multipleImagePickerLib:1.2.5] AndroidManifest.xml:23:22-77
uses-permission#android.permission.WRITE_EXTERNAL_STORAGE
ADDED from [com.crop.multiple:multipleImagePickerLib:1.2.5] AndroidManifest.xml:24:5-81
	android:name
		ADDED from [com.crop.multiple:multipleImagePickerLib:1.2.5] AndroidManifest.xml:24:22-78
uses-permission#android.permission.READ_INTERNAL_STORAGE
ADDED from [com.crop.multiple:multipleImagePickerLib:1.2.5] AndroidManifest.xml:25:5-80
	android:name
		ADDED from [com.crop.multiple:multipleImagePickerLib:1.2.5] AndroidManifest.xml:25:22-77
uses-permission#android.permission.WRITE_INTERNAL_STORAGE
ADDED from [com.crop.multiple:multipleImagePickerLib:1.2.5] AndroidManifest.xml:26:5-81
	android:name
		ADDED from [com.crop.multiple:multipleImagePickerLib:1.2.5] AndroidManifest.xml:26:22-78
activity#com.luminous.pick.CustomGalleryActivity
ADDED from [com.crop.multiple:multipleImagePickerLib:1.2.5] AndroidManifest.xml:31:9-38:20
	android:name
		ADDED from [com.crop.multiple:multipleImagePickerLib:1.2.5] AndroidManifest.xml:31:19-73
intent-filter#android.intent.category.DEFAULT+luminous.ACTION_MULTIPLE_PICK+luminous.ACTION_PICK
ADDED from [com.crop.multiple:multipleImagePickerLib:1.2.5] AndroidManifest.xml:32:13-37:29
action#luminous.ACTION_PICK
ADDED from [com.crop.multiple:multipleImagePickerLib:1.2.5] AndroidManifest.xml:33:17-63
	android:name
		ADDED from [com.crop.multiple:multipleImagePickerLib:1.2.5] AndroidManifest.xml:33:25-60
action#luminous.ACTION_MULTIPLE_PICK
ADDED from [com.crop.multiple:multipleImagePickerLib:1.2.5] AndroidManifest.xml:34:17-72
	android:name
		ADDED from [com.crop.multiple:multipleImagePickerLib:1.2.5] AndroidManifest.xml:34:25-69
category#android.intent.category.DEFAULT
ADDED from [com.crop.multiple:multipleImagePickerLib:1.2.5] AndroidManifest.xml:36:17-76
	android:name
		ADDED from [com.crop.multiple:multipleImagePickerLib:1.2.5] AndroidManifest.xml:36:27-73
activity#com.luminous.pick.MultipleImagePreviewActivity
ADDED from [com.crop.multiple:multipleImagePickerLib:1.2.5] AndroidManifest.xml:39:9-42:52
	android:screenOrientation
		ADDED from [com.crop.multiple:multipleImagePickerLib:1.2.5] AndroidManifest.xml:42:13-49
	android:label
		ADDED from [com.crop.multiple:multipleImagePickerLib:1.2.5] AndroidManifest.xml:41:13-36
	android:name
		ADDED from [com.crop.multiple:multipleImagePickerLib:1.2.5] AndroidManifest.xml:40:13-74
activity#crop.CropImageActivity
ADDED from [com.crop.multiple:multipleImagePickerLib:1.2.5] AndroidManifest.xml:43:9-46:52
	android:screenOrientation
		ADDED from [com.crop.multiple:multipleImagePickerLib:1.2.5] AndroidManifest.xml:46:13-49
	android:label
		ADDED from [com.crop.multiple:multipleImagePickerLib:1.2.5] AndroidManifest.xml:45:13-33
	android:name
		ADDED from [com.crop.multiple:multipleImagePickerLib:1.2.5] AndroidManifest.xml:44:13-50
activity#com.luminous.pick.CameraPickActivity
ADDED from [com.crop.multiple:multipleImagePickerLib:1.2.5] AndroidManifest.xml:47:9-50:52
	android:screenOrientation
		ADDED from [com.crop.multiple:multipleImagePickerLib:1.2.5] AndroidManifest.xml:50:13-49
	android:label
		ADDED from [com.crop.multiple:multipleImagePickerLib:1.2.5] AndroidManifest.xml:49:13-35
	android:name
		ADDED from [com.crop.multiple:multipleImagePickerLib:1.2.5] AndroidManifest.xml:48:13-64
activity#com.luminous.pick.VideoPickActivity
ADDED from [com.crop.multiple:multipleImagePickerLib:1.2.5] AndroidManifest.xml:51:9-54:52
	android:screenOrientation
		ADDED from [com.crop.multiple:multipleImagePickerLib:1.2.5] AndroidManifest.xml:54:13-49
	android:label
		ADDED from [com.crop.multiple:multipleImagePickerLib:1.2.5] AndroidManifest.xml:53:13-50
	android:name
		ADDED from [com.crop.multiple:multipleImagePickerLib:1.2.5] AndroidManifest.xml:52:13-63
activity#com.sangcomz.fishbun.videomodule.VideoAlbumActivity
ADDED from [com.crop.multiple:multipleImagePickerLib:1.2.5] AndroidManifest.xml:55:9-58:52
	android:screenOrientation
		ADDED from [com.crop.multiple:multipleImagePickerLib:1.2.5] AndroidManifest.xml:58:13-49
	android:label
		ADDED from [com.crop.multiple:multipleImagePickerLib:1.2.5] AndroidManifest.xml:57:13-50
	android:name
		ADDED from [com.crop.multiple:multipleImagePickerLib:1.2.5] AndroidManifest.xml:56:13-79
activity#com.sangcomz.fishbun.videomodule.VideoAlbumGalleryActivity
ADDED from [com.crop.multiple:multipleImagePickerLib:1.2.5] AndroidManifest.xml:59:9-62:52
	android:screenOrientation
		ADDED from [com.crop.multiple:multipleImagePickerLib:1.2.5] AndroidManifest.xml:62:13-49
	android:label
		ADDED from [com.crop.multiple:multipleImagePickerLib:1.2.5] AndroidManifest.xml:61:13-50
	android:name
		ADDED from [com.crop.multiple:multipleImagePickerLib:1.2.5] AndroidManifest.xml:60:13-86
activity#com.sangcomz.fishbun.ui.album.ImageAlbumListActivity
ADDED from [com.crop.multiple:multipleImagePickerLib:1.2.5] AndroidManifest.xml:63:9-66:52
	android:screenOrientation
		ADDED from [com.crop.multiple:multipleImagePickerLib:1.2.5] AndroidManifest.xml:66:13-49
	android:label
		ADDED from [com.crop.multiple:multipleImagePickerLib:1.2.5] AndroidManifest.xml:65:13-42
	android:name
		ADDED from [com.crop.multiple:multipleImagePickerLib:1.2.5] AndroidManifest.xml:64:13-80
activity#com.sangcomz.fishbun.ui.picker.ImageGalleryPickerActivity
ADDED from [com.crop.multiple:multipleImagePickerLib:1.2.5] AndroidManifest.xml:67:9-94
	android:name
		ADDED from [com.crop.multiple:multipleImagePickerLib:1.2.5] AndroidManifest.xml:67:19-91